2025-05-18 18:27:22,772 - INFO - Starting session natasmeng_20250518_182722 for natasmeng
2025-05-18 18:27:24,005 - WARNING - Proxy validation failed, will use direct connection
2025-05-18 18:27:36,828 - INFO - patching driver executable C:\Users\HP\appdata\roaming\undetected_chromedriver\undetected_chromedriver.exe
2025-05-18 18:28:03,508 - ERROR - Login failed for natasmeng: Message: 
Stacktrace:
	GetHandleVerifier [0x004FFC83+61635]
	GetHandleVerifier [0x004FFCC4+61700]
	(No symbol) [0x003205D3]
	(No symbol) [0x0036899E]
	(No symbol) [0x00368D3B]
	(No symbol) [0x003B0E12]
	(No symbol) [0x0038D2E4]
	(No symbol) [0x003AE61B]
	(No symbol) [0x0038D096]
	(No symbol) [0x0035C840]
	(No symbol) [0x0035D6A4]
	GetHandleVerifier [0x007845A3+2701795]
	GetHandleVerifier [0x0077FD26+2683238]
	GetHandleVerifier [0x0079AA6E+2793134]
	GetHandleVerifier [0x00516945+155013]
	GetHandleVerifier [0x0051D02D+181357]
	GetHandleVerifier [0x005074D8+92440]
	GetHandleVerifier [0x00507680+92864]
	GetHandleVerifier [0x004F2070+5296]
	BaseThreadInitThunk [0x7787FCC9+25]
	RtlGetAppContainerNamedObjectPath [0x77A482AE+286]
	RtlGetAppContainerNamedObjectPath [0x77A4827E+238]

2025-05-18 18:28:04,119 - INFO - Completed session natasmeng_20250518_182722
