2025-05-18 13:21:29,209 - INFO - Starting session nattykiya27_20250518_132129 for nattykiya27
2025-05-18 13:21:44,478 - INFO - patching driver executable C:\Users\HP\appdata\roaming\undetected_chromedriver\undetected_chromedriver.exe
2025-05-18 13:22:05,658 - ERROR - Login failed for nattykiya27: Message: 
Stacktrace:
	GetHandleVerifier [0x0118FC83+61635]
	GetHandleVerifier [0x0118FCC4+61700]
	(No symbol) [0x00FB05D3]
	(No symbol) [0x00FF899E]
	(No symbol) [0x00FF8D3B]
	(No symbol) [0x01040E12]
	(No symbol) [0x0101D2E4]
	(No symbol) [0x0103E61B]
	(No symbol) [0x0101D096]
	(No symbol) [0x00FEC840]
	(No symbol) [0x00FED6A4]
	GetHandleVerifier [0x014145A3+2701795]
	GetHandleVerifier [0x0140FD26+2683238]
	GetHandleVerifier [0x0142AA6E+2793134]
	GetHandleVerifier [0x011A6945+155013]
	GetHandleVerifier [0x011AD02D+181357]
	GetHandleVerifier [0x011974D8+92440]
	GetHandleVerifier [0x01197680+92864]
	GetHandleVerifier [0x01182070+5296]
	BaseThreadInitThunk [0x7787FCC9+25]
	RtlGetAppContainerNamedObjectPath [0x77A482AE+286]
	RtlGetAppContainerNamedObjectPath [0x77A4827E+238]

2025-05-18 13:22:06,000 - INFO - Completed session nattykiya27_20250518_132129
