2025-05-18 13:23:25,506 - INFO - Starting session nattykiya27_20250518_132325 for nattykiya27
2025-05-18 13:23:26,540 - ERROR - Proxy validation failed: HTTPSConnectionPool(host='www.instagram.com', port=443): Max retries exceeded with url: / (Caused by ProxyError('Unable to connect to proxy', OSError('Tunnel connection failed: 407 Proxy Authentication Required')))
2025-05-18 13:23:26,544 - WARNING - Proxy validation failed, will use direct connection
2025-05-18 13:23:33,213 - INFO - patching driver executable C:\Users\HP\appdata\roaming\undetected_chromedriver\undetected_chromedriver.exe
2025-05-18 13:24:32,852 - INFO - Successfully logged in as nattykiya27
2025-05-18 13:25:03,762 - ERROR - Attempt 1 failed for following therock: Message: 
Stacktrace:
	GetHandleVerifier [0x0033FC83+61635]
	GetHandleVerifier [0x0033FCC4+61700]
	(No symbol) [0x001605D3]
	(No symbol) [0x001A899E]
	(No symbol) [0x001A8D3B]
	(No symbol) [0x001F0E12]
	(No symbol) [0x001CD2E4]
	(No symbol) [0x001EE61B]
	(No symbol) [0x001CD096]
	(No symbol) [0x0019C840]
	(No symbol) [0x0019D6A4]
	GetHandleVerifier [0x005C45A3+2701795]
	GetHandleVerifier [0x005BFD26+2683238]
	GetHandleVerifier [0x005DAA6E+2793134]
	GetHandleVerifier [0x00356945+155013]
	GetHandleVerifier [0x0035D02D+181357]
	GetHandleVerifier [0x003474D8+92440]
	GetHandleVerifier [0x00347680+92864]
	GetHandleVerifier [0x00332070+5296]
	BaseThreadInitThunk [0x7787FCC9+25]
	RtlGetAppContainerNamedObjectPath [0x77A482AE+286]
	RtlGetAppContainerNamedObjectPath [0x77A4827E+238]
	(No symbol) [0x00000000]

2025-05-18 13:25:16,129 - ERROR - Attempt 2 failed for following therock: Message: unknown error: net::ERR_CONNECTION_RESET
  (Session info: chrome=136.0.7103.94)
Stacktrace:
	GetHandleVerifier [0x0033FC83+61635]
	GetHandleVerifier [0x0033FCC4+61700]
	(No symbol) [0x001605D3]
	(No symbol) [0x0015DBE0]
	(No symbol) [0x001513A8]
	(No symbol) [0x00152CF0]
	(No symbol) [0x00151638]
	(No symbol) [0x00151193]
	(No symbol) [0x00150EA1]
	(No symbol) [0x0014EE80]
	(No symbol) [0x0014F81B]
	(No symbol) [0x00163FFE]
	(No symbol) [0x001EF217]
	(No symbol) [0x001CD29C]
	(No symbol) [0x001EE61B]
	(No symbol) [0x001CD096]
	(No symbol) [0x0019C840]
	(No symbol) [0x0019D6A4]
	GetHandleVerifier [0x005C45A3+2701795]
	GetHandleVerifier [0x005BFD26+2683238]
	GetHandleVerifier [0x005DAA6E+2793134]
	GetHandleVerifier [0x00356945+155013]
	GetHandleVerifier [0x0035D02D+181357]
	GetHandleVerifier [0x003474D8+92440]
	GetHandleVerifier [0x00347680+92864]
	GetHandleVerifier [0x00332070+5296]
	BaseThreadInitThunk [0x7787FCC9+25]
	RtlGetAppContainerNamedObjectPath [0x77A482AE+286]
	RtlGetAppContainerNamedObjectPath [0x77A4827E+238]
	(No symbol) [0x00000000]

2025-05-18 13:25:25,305 - ERROR - Attempt 3 failed for following therock: Message: unknown error: net::ERR_CONNECTION_RESET
  (Session info: chrome=136.0.7103.94)
Stacktrace:
	GetHandleVerifier [0x0033FC83+61635]
	GetHandleVerifier [0x0033FCC4+61700]
	(No symbol) [0x001605D3]
	(No symbol) [0x0015DBE0]
	(No symbol) [0x001513A8]
	(No symbol) [0x00152CF0]
	(No symbol) [0x00151638]
	(No symbol) [0x00151193]
	(No symbol) [0x00150EA1]
	(No symbol) [0x0014EE80]
	(No symbol) [0x0014F81B]
	(No symbol) [0x00163FFE]
	(No symbol) [0x001EF217]
	(No symbol) [0x001CD29C]
	(No symbol) [0x001EE61B]
	(No symbol) [0x001CD096]
	(No symbol) [0x0019C840]
	(No symbol) [0x0019D6A4]
	GetHandleVerifier [0x005C45A3+2701795]
	GetHandleVerifier [0x005BFD26+2683238]
	GetHandleVerifier [0x005DAA6E+2793134]
	GetHandleVerifier [0x00356945+155013]
	GetHandleVerifier [0x0035D02D+181357]
	GetHandleVerifier [0x003474D8+92440]
	GetHandleVerifier [0x00347680+92864]
	GetHandleVerifier [0x00332070+5296]
	BaseThreadInitThunk [0x7787FCC9+25]
	RtlGetAppContainerNamedObjectPath [0x77A482AE+286]
	RtlGetAppContainerNamedObjectPath [0x77A4827E+238]
	(No symbol) [0x00000000]

2025-05-18 13:25:31,789 - ERROR - Attempt 1 failed for unfollowing olliewatkins: Message: unknown error: net::ERR_CONNECTION_RESET
  (Session info: chrome=136.0.7103.94)
Stacktrace:
	GetHandleVerifier [0x0033FC83+61635]
	GetHandleVerifier [0x0033FCC4+61700]
	(No symbol) [0x001605D3]
	(No symbol) [0x0015DBE0]
	(No symbol) [0x001513A8]
	(No symbol) [0x00152CF0]
	(No symbol) [0x00151638]
	(No symbol) [0x00151193]
	(No symbol) [0x00150EA1]
	(No symbol) [0x0014EE80]
	(No symbol) [0x0014F81B]
	(No symbol) [0x00163FFE]
	(No symbol) [0x001EF217]
	(No symbol) [0x001CD29C]
	(No symbol) [0x001EE61B]
	(No symbol) [0x001CD096]
	(No symbol) [0x0019C840]
	(No symbol) [0x0019D6A4]
	GetHandleVerifier [0x005C45A3+2701795]
	GetHandleVerifier [0x005BFD26+2683238]
	GetHandleVerifier [0x005DAA6E+2793134]
	GetHandleVerifier [0x00356945+155013]
	GetHandleVerifier [0x0035D02D+181357]
	GetHandleVerifier [0x003474D8+92440]
	GetHandleVerifier [0x00347680+92864]
	GetHandleVerifier [0x00332070+5296]
	BaseThreadInitThunk [0x7787FCC9+25]
	RtlGetAppContainerNamedObjectPath [0x77A482AE+286]
	RtlGetAppContainerNamedObjectPath [0x77A4827E+238]
	(No symbol) [0x00000000]

2025-05-18 13:25:51,551 - ERROR - Attempt 2 failed for unfollowing olliewatkins: Message: unknown error: net::ERR_CONNECTION_TIMED_OUT
  (Session info: chrome=136.0.7103.94)
Stacktrace:
	GetHandleVerifier [0x0033FC83+61635]
	GetHandleVerifier [0x0033FCC4+61700]
	(No symbol) [0x001605D3]
	(No symbol) [0x0015DBE0]
	(No symbol) [0x001513A8]
	(No symbol) [0x00152CF0]
	(No symbol) [0x00151638]
	(No symbol) [0x00151193]
	(No symbol) [0x00150EA1]
	(No symbol) [0x0014EE80]
	(No symbol) [0x0014F81B]
	(No symbol) [0x00163FFE]
	(No symbol) [0x001EF217]
	(No symbol) [0x001CD29C]
	(No symbol) [0x001EE61B]
	(No symbol) [0x001CD096]
	(No symbol) [0x0019C840]
	(No symbol) [0x0019D6A4]
	GetHandleVerifier [0x005C45A3+2701795]
	GetHandleVerifier [0x005BFD26+2683238]
	GetHandleVerifier [0x005DAA6E+2793134]
	GetHandleVerifier [0x00356945+155013]
	GetHandleVerifier [0x0035D02D+181357]
	GetHandleVerifier [0x003474D8+92440]
	GetHandleVerifier [0x00347680+92864]
	GetHandleVerifier [0x00332070+5296]
	BaseThreadInitThunk [0x7787FCC9+25]
	RtlGetAppContainerNamedObjectPath [0x77A482AE+286]
	RtlGetAppContainerNamedObjectPath [0x77A4827E+238]
	(No symbol) [0x00000000]

2025-05-18 13:26:02,093 - ERROR - Attempt 3 failed for unfollowing olliewatkins: Message: unknown error: net::ERR_CONNECTION_RESET
  (Session info: chrome=136.0.7103.94)
Stacktrace:
	GetHandleVerifier [0x0033FC83+61635]
	GetHandleVerifier [0x0033FCC4+61700]
	(No symbol) [0x001605D3]
	(No symbol) [0x0015DBE0]
	(No symbol) [0x001513A8]
	(No symbol) [0x00152CF0]
	(No symbol) [0x00151638]
	(No symbol) [0x00151193]
	(No symbol) [0x00150EA1]
	(No symbol) [0x0014EE80]
	(No symbol) [0x0014F81B]
	(No symbol) [0x00163FFE]
	(No symbol) [0x001EF217]
	(No symbol) [0x001CD29C]
	(No symbol) [0x001EE61B]
	(No symbol) [0x001CD096]
	(No symbol) [0x0019C840]
	(No symbol) [0x0019D6A4]
	GetHandleVerifier [0x005C45A3+2701795]
	GetHandleVerifier [0x005BFD26+2683238]
	GetHandleVerifier [0x005DAA6E+2793134]
	GetHandleVerifier [0x00356945+155013]
	GetHandleVerifier [0x0035D02D+181357]
	GetHandleVerifier [0x003474D8+92440]
	GetHandleVerifier [0x00347680+92864]
	GetHandleVerifier [0x00332070+5296]
	BaseThreadInitThunk [0x7787FCC9+25]
	RtlGetAppContainerNamedObjectPath [0x77A482AE+286]
	RtlGetAppContainerNamedObjectPath [0x77A4827E+238]
	(No symbol) [0x00000000]

2025-05-18 13:26:06,583 - INFO - Saved 2 failure logs to logs\failure_nattykiya27_20250518_132325_20250518_132606.csv
2025-05-18 13:26:07,277 - INFO - Completed session nattykiya27_20250518_132325
