2025-05-18 18:25:59,610 - INFO - Starting session azirosegetachew_20250518_182559 for azirosegetachew
2025-05-18 18:26:00,552 - WARNING - Proxy validation failed, will use direct connection
2025-05-18 18:26:05,316 - INFO - patching driver executable C:\Users\HP\appdata\roaming\undetected_chromedriver\undetected_chromedriver.exe
2025-05-18 18:26:26,389 - ERROR - Login failed for azirosegetachew: Message: 
Stacktrace:
	GetHandleVerifier [0x003CFC83+61635]
	GetHandleVerifier [0x003CFCC4+61700]
	(No symbol) [0x001F05D3]
	(No symbol) [0x0023899E]
	(No symbol) [0x00238D3B]
	(No symbol) [0x00280E12]
	(No symbol) [0x0025D2E4]
	(No symbol) [0x0027E61B]
	(No symbol) [0x0025D096]
	(No symbol) [0x0022C840]
	(No symbol) [0x0022D6A4]
	GetHandleVerifier [0x006545A3+2701795]
	GetHandleVerifier [0x0064FD26+2683238]
	GetHandleVerifier [0x0066AA6E+2793134]
	GetHandleVerifier [0x003E6945+155013]
	GetHandleVerifier [0x003ED02D+181357]
	GetHandleVerifier [0x003D74D8+92440]
	GetHandleVerifier [0x003D7680+92864]
	GetHandleVerifier [0x003C2070+5296]
	BaseThreadInitThunk [0x7787FCC9+25]
	RtlGetAppContainerNamedObjectPath [0x77A482AE+286]
	RtlGetAppContainerNamedObjectPath [0x77A4827E+238]

2025-05-18 18:26:28,074 - INFO - Completed session azirosegetachew_20250518_182559
