2025-05-18 18:22:52,796 - INFO - Starting session azirosegetachew_20250518_182252 for azirosegetachew
2025-05-18 18:22:55,535 - WARNING - Proxy validation failed, will use direct connection
2025-05-18 18:23:05,498 - INFO - patching driver executable C:\Users\HP\appdata\roaming\undetected_chromedriver\undetected_chromedriver.exe
2025-05-18 18:24:16,069 - ERROR - Failed to create Chrome driver: Message: session not created: cannot connect to chrome at 127.0.0.1:1723
from chrome not reachable
Stacktrace:
	GetHandleVerifier [0x00D6FC83+61635]
	GetHandleVerifier [0x00D6FCC4+61700]
	(No symbol) [0x00B9044E]
	(No symbol) [0x00B841DA]
	(No symbol) [0x00BC8F16]
	(No symbol) [0x00BBF7AF]
	(No symbol) [0x00BBF5E6]
	(No symbol) [0x00C08DF3]
	(No symbol) [0x00C0880A]
	(No symbol) [0x00BFD096]
	(No symbol) [0x00BCC840]
	(No symbol) [0x00BCD6A4]
	GetHandleVerifier [0x00FF45A3+2701795]
	GetHandleVerifier [0x00FEFD26+2683238]
	GetHandleVerifier [0x0100AA6E+2793134]
	GetHandleVerifier [0x00D86945+155013]
	GetHandleVerifier [0x00D8D02D+181357]
	GetHandleVerifier [0x00D774D8+92440]
	GetHandleVerifier [0x00D77680+92864]
	GetHandleVerifier [0x00D62070+5296]
	BaseThreadInitThunk [0x7787FCC9+25]
	RtlGetAppContainerNamedObjectPath [0x77A482AE+286]
	RtlGetAppContainerNamedObjectPath [0x77A4827E+238]

2025-05-18 18:24:16,110 - ERROR - Fatal error in main: Message: session not created: cannot connect to chrome at 127.0.0.1:1723
from chrome not reachable
Stacktrace:
	GetHandleVerifier [0x00D6FC83+61635]
	GetHandleVerifier [0x00D6FCC4+61700]
	(No symbol) [0x00B9044E]
	(No symbol) [0x00B841DA]
	(No symbol) [0x00BC8F16]
	(No symbol) [0x00BBF7AF]
	(No symbol) [0x00BBF5E6]
	(No symbol) [0x00C08DF3]
	(No symbol) [0x00C0880A]
	(No symbol) [0x00BFD096]
	(No symbol) [0x00BCC840]
	(No symbol) [0x00BCD6A4]
	GetHandleVerifier [0x00FF45A3+2701795]
	GetHandleVerifier [0x00FEFD26+2683238]
	GetHandleVerifier [0x0100AA6E+2793134]
	GetHandleVerifier [0x00D86945+155013]
	GetHandleVerifier [0x00D8D02D+181357]
	GetHandleVerifier [0x00D774D8+92440]
	GetHandleVerifier [0x00D77680+92864]
	GetHandleVerifier [0x00D62070+5296]
	BaseThreadInitThunk [0x7787FCC9+25]
	RtlGetAppContainerNamedObjectPath [0x77A482AE+286]
	RtlGetAppContainerNamedObjectPath [0x77A4827E+238]

