2025-05-18 16:19:04,625 - INFO - Starting session nattykiya27_20250518_161904 for nattykiya27
2025-05-18 16:19:06,264 - WARNING - Proxy validation failed, will use direct connection
2025-05-18 16:19:49,695 - INFO - patching driver executable C:\Users\HP\appdata\roaming\undetected_chromedriver\undetected_chromedriver.exe
2025-05-18 16:21:36,742 - INFO - Successfully logged in as nattykiya27
2025-05-18 16:21:47,060 - INFO - Already following instagram
2025-05-18 16:21:59,233 - INFO - Unfollowed cristiano
2025-05-18 16:22:06,059 - INFO - Not following leomessi
2025-05-18 16:22:17,668 - INFO - Unfollowed therock
2025-05-18 16:22:25,444 - INFO - Followed kyliejenner
2025-05-18 16:22:35,145 - INFO - Followed selenagomez
2025-05-18 16:22:45,256 - INFO - Followed kimkardashian
2025-05-18 16:22:54,340 - INFO - Not following beyonce
2025-05-18 16:23:01,095 - INFO - Not following arianagrande
2025-05-18 16:23:09,373 - INFO - Followed taylorswift
2025-05-18 16:23:21,502 - INFO - Not following neymarjr
2025-05-18 16:23:32,548 - INFO - Not following nickiminaj
2025-05-18 16:23:43,687 - INFO - Followed justinbieber
2025-05-18 16:23:54,907 - INFO - Followed kendalljenner
2025-05-18 16:24:05,479 - INFO - Followed natgeo
2025-05-18 16:24:12,540 - INFO - Followed virat.kohli
2025-05-18 16:24:31,584 - INFO - Followed zendaya
2025-05-18 16:24:46,952 - INFO - Unfollowed kevinhart4real
2025-05-18 16:24:57,408 - INFO - Not following theellenshow
2025-05-18 16:25:08,294 - INFO - Not following realmadrid
2025-05-18 16:25:12,347 - INFO - Action limit (20) reached
2025-05-18 16:25:12,395 - INFO - Saved 20 success logs to logs\success_nattykiya27_20250518_161904_20250518_162512.csv
2025-05-18 16:25:13,948 - INFO - Completed session nattykiya27_20250518_161904
